2025-01-06 15:04:43,779 - INFO - Processing: downloads/Serramanna\Progetti\10217\MASE-2024-0129671.pdf
2025-01-06 15:04:44,933 - INFO - Processing: downloads/Serramanna\Progetti\10217\Modulo_Avviso_Pubblico_integrazioni.pdf
2025-01-06 15:04:44,973 - INFO - Processing: downloads/Serramanna\Progetti\10217\Modulo_Avviso_Pubblico_integrazioni_5_.pdf
2025-01-06 15:04:45,026 - INFO - Processing: downloads/Serramanna\Progetti\10217\Modulo_Avviso_Pubblico_VIA.pdf
2025-01-06 15:04:45,104 - INFO - Processing: downloads/Serramanna\Progetti\10217\Proposta_spostamento_condotte_CBSM_signed.pdf
2025-01-06 15:04:52,128 - INFO - Processing: downloads/Serramanna\Progetti\10217\protocollo_istanza_sdemanializzazione.pdf
2025-01-06 15:04:52,130 - INFO - Processing: downloads/Serramanna\Progetti\10217\R_00_Elenco_elaborati_signed_signed.pdf
2025-01-06 15:04:52,160 - INFO - Processing: downloads/Serramanna\Progetti\10217\R_01-Relazione_illustrativa_R01_signed.pdf
2025-01-06 15:04:52,202 - INFO - Processing: downloads/Serramanna\Progetti\10217\SIA_Studio_Impatto_Ambientale_signed_signed.pdf
2025-01-06 15:04:52,267 - INFO - Processing: downloads/Serramanna\Progetti\10217\TAV_EL_18-Modalit_CB1_superamento_interferenza_connessione_alla_rete_AT_signed.pdf
2025-01-06 15:04:55,955 - INFO - Processing: downloads/Serramanna\Progetti\11278\01_IDSAID003_PEXTPRR002R1.pdf
2025-01-06 15:04:56,102 - INFO - Processing: downloads/Serramanna\Progetti\11278\02_IDSAID003_PEXTPRR003R4.pdf
2025-01-06 15:04:56,191 - INFO - Processing: downloads/Serramanna\Progetti\11278\03_IDSAID003_PEXTPRR004R0.pdf
2025-01-06 15:04:56,353 - INFO - Processing: downloads/Serramanna\Progetti\11278\04_IDSAID003_PEXTPRR005R0.pdf
2025-01-06 15:04:56,698 - INFO - Processing: downloads/Serramanna\Progetti\11278\05_IDSAID003_PEXTPRR006R2.pdf
2025-01-06 15:04:56,880 - INFO - Processing: downloads/Serramanna\Progetti\11278\06_IDSAID003_PEXTPRR007R1.pdf
2025-01-06 15:04:57,023 - INFO - Processing: downloads/Serramanna\Progetti\11278\07_IDSAID003_PEXTPRR008R0.pdf
2025-01-06 15:04:57,173 - INFO - Processing: downloads/Serramanna\Progetti\11278\08_IDSAID003_PEXTPRR009R1.pdf
2025-01-06 15:04:57,371 - INFO - Processing: downloads/Serramanna\Progetti\11278\09_IDSAID003_PEXTPRR010R2.pdf
2025-01-06 15:04:57,567 - INFO - Processing: downloads/Serramanna\Progetti\11278\Modulo_lista_controllo_val_prel_SAID003_signed.pdf
2025-01-06 15:04:57,577 - INFO - Processing: downloads/Serramanna\Progetti\1694\01_BORE_GEL_Halliburton.pdf
2025-01-06 15:04:57,637 - INFO - Processing: downloads/Serramanna\Progetti\1694\02_MAX_GEL_Bentonite_M-I.pdf
2025-01-06 15:04:57,681 - INFO - Processing: downloads/Serramanna\Progetti\1694\03_HYDRAUL-EZ_Cetco.pdf
2025-01-06 15:04:57,725 - INFO - Processing: downloads/Serramanna\Progetti\1694\04_TEQGEL_Heads.pdf
2025-01-06 15:04:57,809 - INFO - Processing: downloads/Serramanna\Progetti\1694\05_EPI-BEN_SiriusES.pdf
2025-01-06 15:04:57,906 - INFO - Processing: downloads/Serramanna\Progetti\1694\06_CEBOGEL_OCMA_Cebo.pdf
2025-01-06 15:04:57,928 - INFO - Processing: downloads/Serramanna\Progetti\1694\07_Bentosund120E40S_Laviosa.pdf
2025-01-06 15:04:57,980 - INFO - Processing: downloads/Serramanna\Progetti\1694\1_AT-18E-81613_r1-signed.pdf
2025-01-06 15:05:02,948 - INFO - Processing: downloads/Serramanna\Progetti\1694\1_AT-9E-84813_r1-signed.pdf
2025-01-06 15:05:06,672 - INFO - Processing: downloads/Serramanna\Progetti\1694\2_AT-12E-84824_r1-signed.pdf
2025-01-06 15:05:10,173 - INFO - Processing: downloads/Serramanna\Progetti\1694\2_AT-7E-81622_r1-signed.pdf
2025-01-06 15:05:12,579 - INFO - Processing: downloads/Serramanna\Progetti\1694\3_AT-10E-84820_r1-signed.pdf
2025-01-06 15:05:15,357 - INFO - Processing: downloads/Serramanna\Progetti\1694\4_AT-13D-84821_r1-signed.pdf
2025-01-06 15:05:18,395 - INFO - Processing: downloads/Serramanna\Progetti\1694\5_AT-15E-84822_r1-signed.pdf
2025-01-06 15:05:21,453 - INFO - Processing: downloads/Serramanna\Progetti\1694\6_AT-3E-84811_r1-signed.pdf
2025-01-06 15:05:22,292 - INFO - Processing: downloads/Serramanna\Progetti\1694\8519.pdf
2025-01-06 15:05:22,297 - INFO - Processing: downloads/Serramanna\Progetti\1694\Allegato1_Studi_di_compatibilita_idraulica-signed.pdf
2025-01-06 15:05:22,408 - INFO - Processing: downloads/Serramanna\Progetti\1694\Allegato_1-signed.pdf
2025-01-06 15:05:24,269 - INFO - Processing: downloads/Serramanna\Progetti\1694\Allegato_2-signed.pdf
2025-01-06 15:05:26,663 - INFO - Processing: downloads/Serramanna\Progetti\1694\Allegato_3_Cronoprogramma-signed.pdf
2025-01-06 15:05:27,049 - INFO - Processing: downloads/Serramanna\Progetti\1694\All_01_REL-VDO-E-020-signed.pdf
2025-01-06 15:05:27,697 - INFO - Processing: downloads/Serramanna\Progetti\1694\Avviso_al_Pubblico3maggio2019.pdf
2025-01-06 15:05:27,700 - INFO - Processing: downloads/Serramanna\Progetti\1694\CA21-01698_007_TECHNIP_ITALY_DIREZIONE_LAVORI_SPA_Report_R0_IT_F-signed.pdf
2025-01-06 15:05:27,751 - INFO - Processing: downloads/Serramanna\Progetti\1694\CA21-01698_008_TECHNIP_ITALY_DIREZIONE_LAVORI_SPA_Report_R0_IT_F-signed.pdf
2025-01-06 15:05:27,785 - INFO - Processing: downloads/Serramanna\Progetti\1694\CA21-01698_009_TECHNIP_ITALY_DIREZIONE_LAVORI_SPA_Report_R0_IT_F-signed.pdf
2025-01-06 15:05:27,819 - INFO - Processing: downloads/Serramanna\Progetti\1694\Cronoprogramma_Lavori-signed.pdf
2025-01-06 15:05:28,073 - INFO - Processing: downloads/Serramanna\Progetti\1694\DF-VEG-E-30167.pdf
2025-01-06 15:06:12,614 - INFO - Processing: downloads/Serramanna\Progetti\10217\MASE-2024-0129671.pdf
2025-01-06 15:06:13,766 - INFO - Processing: downloads/Serramanna\Progetti\10217\Modulo_Avviso_Pubblico_integrazioni.pdf
2025-01-06 15:06:13,806 - INFO - Processing: downloads/Serramanna\Progetti\10217\Modulo_Avviso_Pubblico_integrazioni_5_.pdf
2025-01-06 15:06:13,858 - INFO - Processing: downloads/Serramanna\Progetti\10217\Modulo_Avviso_Pubblico_VIA.pdf
2025-01-06 15:06:14,050 - INFO - Processing: downloads/Serramanna\Progetti\10217\Proposta_spostamento_condotte_CBSM_signed.pdf
2025-01-06 15:06:20,940 - INFO - Processing: downloads/Serramanna\Progetti\10217\protocollo_istanza_sdemanializzazione.pdf
2025-01-06 15:06:20,942 - INFO - Processing: downloads/Serramanna\Progetti\10217\R_00_Elenco_elaborati_signed_signed.pdf
2025-01-06 15:06:21,040 - INFO - Processing: downloads/Serramanna\Progetti\10217\R_01-Relazione_illustrativa_R01_signed.pdf
2025-01-06 15:06:25,363 - INFO - Found 27 matches in downloads/Serramanna\Progetti\10217\R_01-Relazione_illustrativa_R01_signed.pdf
2025-01-06 15:06:25,364 - INFO - Processing: downloads/Serramanna\Progetti\10217\SIA_Studio_Impatto_Ambientale_signed_signed.pdf
2025-01-06 15:06:33,660 - INFO - Found 30 matches in downloads/Serramanna\Progetti\10217\SIA_Studio_Impatto_Ambientale_signed_signed.pdf
2025-01-06 15:06:33,660 - INFO - Processing: downloads/Serramanna\Progetti\10217\TAV_EL_18-Modalit_CB1_superamento_interferenza_connessione_alla_rete_AT_signed.pdf
2025-01-06 15:06:37,013 - INFO - Processing: downloads/Serramanna\Progetti\11278\01_IDSAID003_PEXTPRR002R1.pdf
2025-01-06 15:06:40,833 - INFO - Found 8 matches in downloads/Serramanna\Progetti\11278\01_IDSAID003_PEXTPRR002R1.pdf
2025-01-06 15:06:40,833 - INFO - Processing: downloads/Serramanna\Progetti\11278\02_IDSAID003_PEXTPRR003R4.pdf
2025-01-06 15:06:52,252 - INFO - Found 79 matches in downloads/Serramanna\Progetti\11278\02_IDSAID003_PEXTPRR003R4.pdf
2025-01-06 15:06:52,252 - INFO - Processing: downloads/Serramanna\Progetti\11278\03_IDSAID003_PEXTPRR004R0.pdf
2025-01-06 15:07:03,420 - INFO - Found 2 matches in downloads/Serramanna\Progetti\11278\03_IDSAID003_PEXTPRR004R0.pdf
2025-01-06 15:07:03,420 - INFO - Processing: downloads/Serramanna\Progetti\11278\04_IDSAID003_PEXTPRR005R0.pdf
2025-01-06 15:07:04,088 - INFO - Processing: downloads/Serramanna\Progetti\11278\05_IDSAID003_PEXTPRR006R2.pdf
2025-01-06 15:07:07,507 - INFO - Found 9 matches in downloads/Serramanna\Progetti\11278\05_IDSAID003_PEXTPRR006R2.pdf
2025-01-06 15:07:07,507 - INFO - Processing: downloads/Serramanna\Progetti\11278\06_IDSAID003_PEXTPRR007R1.pdf
2025-01-06 15:07:08,933 - INFO - Found 5 matches in downloads/Serramanna\Progetti\11278\06_IDSAID003_PEXTPRR007R1.pdf
2025-01-06 15:07:08,933 - INFO - Processing: downloads/Serramanna\Progetti\11278\07_IDSAID003_PEXTPRR008R0.pdf
2025-01-06 15:07:10,809 - INFO - Found 6 matches in downloads/Serramanna\Progetti\11278\07_IDSAID003_PEXTPRR008R0.pdf
2025-01-06 15:07:10,809 - INFO - Processing: downloads/Serramanna\Progetti\11278\08_IDSAID003_PEXTPRR009R1.pdf
2025-01-06 15:07:13,982 - INFO - Found 4 matches in downloads/Serramanna\Progetti\11278\08_IDSAID003_PEXTPRR009R1.pdf
2025-01-06 15:07:13,982 - INFO - Processing: downloads/Serramanna\Progetti\11278\09_IDSAID003_PEXTPRR010R2.pdf
2025-01-06 15:07:31,066 - INFO - Found 228 matches in downloads/Serramanna\Progetti\11278\09_IDSAID003_PEXTPRR010R2.pdf
2025-01-06 15:07:31,066 - INFO - Processing: downloads/Serramanna\Progetti\11278\Modulo_lista_controllo_val_prel_SAID003_signed.pdf
2025-01-06 15:07:33,400 - INFO - Found 2 matches in downloads/Serramanna\Progetti\11278\Modulo_lista_controllo_val_prel_SAID003_signed.pdf
2025-01-06 15:07:33,400 - INFO - Processing: downloads/Serramanna\Progetti\1694\01_BORE_GEL_Halliburton.pdf
2025-01-06 15:07:33,717 - INFO - Processing: downloads/Serramanna\Progetti\1694\02_MAX_GEL_Bentonite_M-I.pdf
2025-01-06 15:07:33,858 - INFO - Processing: downloads/Serramanna\Progetti\1694\03_HYDRAUL-EZ_Cetco.pdf
2025-01-06 15:07:34,269 - INFO - Processing: downloads/Serramanna\Progetti\1694\04_TEQGEL_Heads.pdf
2025-01-06 15:07:34,578 - INFO - Processing: downloads/Serramanna\Progetti\1694\05_EPI-BEN_SiriusES.pdf
2025-01-06 15:07:35,087 - INFO - Processing: downloads/Serramanna\Progetti\1694\06_CEBOGEL_OCMA_Cebo.pdf
2025-01-06 15:07:35,096 - INFO - Processing: downloads/Serramanna\Progetti\1694\07_Bentosund120E40S_Laviosa.pdf
2025-01-06 15:07:35,667 - INFO - Processing: downloads/Serramanna\Progetti\1694\1_AT-18E-81613_r1-signed.pdf
2025-01-06 15:07:40,656 - INFO - Processing: downloads/Serramanna\Progetti\1694\1_AT-9E-84813_r1-signed.pdf
2025-01-06 15:07:44,393 - INFO - Processing: downloads/Serramanna\Progetti\1694\2_AT-12E-84824_r1-signed.pdf
2025-01-06 15:07:47,857 - INFO - Processing: downloads/Serramanna\Progetti\1694\2_AT-7E-81622_r1-signed.pdf
2025-01-06 15:07:50,247 - INFO - Processing: downloads/Serramanna\Progetti\1694\3_AT-10E-84820_r1-signed.pdf
2025-01-06 15:07:53,017 - INFO - Processing: downloads/Serramanna\Progetti\1694\4_AT-13D-84821_r1-signed.pdf
2025-01-06 15:07:55,969 - INFO - Processing: downloads/Serramanna\Progetti\1694\5_AT-15E-84822_r1-signed.pdf
2025-01-06 15:10:08,298 - INFO - [36mStarting PDF scan...[0m
2025-01-06 15:10:23,543 - INFO - [36mStarting PDF scan...[0m
2025-01-06 15:10:31,207 - INFO - [36mStarting PDF scan...[0m
2025-01-06 15:10:31,211 - INFO - Processing: downloads/Serramanna\Progetti\10217\MASE-2024-0129671.pdf
2025-01-06 15:10:32,375 - INFO - Processing: downloads/Serramanna\Progetti\10217\Modulo_Avviso_Pubblico_integrazioni.pdf
2025-01-06 15:10:32,415 - INFO - Processing: downloads/Serramanna\Progetti\10217\Modulo_Avviso_Pubblico_integrazioni_5_.pdf
2025-01-06 15:10:32,467 - INFO - Processing: downloads/Serramanna\Progetti\10217\Modulo_Avviso_Pubblico_VIA.pdf
2025-01-06 15:10:32,665 - INFO - Processing: downloads/Serramanna\Progetti\10217\Proposta_spostamento_condotte_CBSM_signed.pdf
2025-01-06 15:10:39,679 - INFO - Processing: downloads/Serramanna\Progetti\10217\protocollo_istanza_sdemanializzazione.pdf
2025-01-06 15:10:39,681 - INFO - Processing: downloads/Serramanna\Progetti\10217\R_00_Elenco_elaborati_signed_signed.pdf
2025-01-06 15:10:39,775 - INFO - Processing: downloads/Serramanna\Progetti\10217\R_01-Relazione_illustrativa_R01_signed.pdf
2025-01-06 15:10:44,109 - INFO - Found 27 matches in downloads/Serramanna\Progetti\10217\R_01-Relazione_illustrativa_R01_signed.pdf
2025-01-06 15:10:44,110 - INFO - Processing: downloads/Serramanna\Progetti\10217\SIA_Studio_Impatto_Ambientale_signed_signed.pdf
2025-01-06 15:10:52,446 - INFO - Found 30 matches in downloads/Serramanna\Progetti\10217\SIA_Studio_Impatto_Ambientale_signed_signed.pdf
2025-01-06 15:10:52,446 - INFO - Processing: downloads/Serramanna\Progetti\10217\TAV_EL_18-Modalit_CB1_superamento_interferenza_connessione_alla_rete_AT_signed.pdf
2025-01-06 15:10:55,772 - INFO - Processing: downloads/Serramanna\Progetti\11278\01_IDSAID003_PEXTPRR002R1.pdf
2025-01-06 15:10:59,613 - INFO - Found 8 matches in downloads/Serramanna\Progetti\11278\01_IDSAID003_PEXTPRR002R1.pdf
2025-01-06 15:10:59,613 - INFO - Processing: downloads/Serramanna\Progetti\11278\02_IDSAID003_PEXTPRR003R4.pdf
2025-01-06 15:11:10,988 - INFO - Found 79 matches in downloads/Serramanna\Progetti\11278\02_IDSAID003_PEXTPRR003R4.pdf
2025-01-06 15:11:10,988 - INFO - Processing: downloads/Serramanna\Progetti\11278\03_IDSAID003_PEXTPRR004R0.pdf
2025-01-06 15:11:22,131 - INFO - Found 2 matches in downloads/Serramanna\Progetti\11278\03_IDSAID003_PEXTPRR004R0.pdf
2025-01-06 15:11:22,131 - INFO - Processing: downloads/Serramanna\Progetti\11278\04_IDSAID003_PEXTPRR005R0.pdf
2025-01-06 15:11:22,828 - INFO - Processing: downloads/Serramanna\Progetti\11278\05_IDSAID003_PEXTPRR006R2.pdf
2025-01-06 15:11:26,320 - INFO - Found 9 matches in downloads/Serramanna\Progetti\11278\05_IDSAID003_PEXTPRR006R2.pdf
2025-01-06 15:11:26,321 - INFO - Processing: downloads/Serramanna\Progetti\11278\06_IDSAID003_PEXTPRR007R1.pdf
2025-01-06 15:11:27,760 - INFO - Found 5 matches in downloads/Serramanna\Progetti\11278\06_IDSAID003_PEXTPRR007R1.pdf
2025-01-06 15:11:27,760 - INFO - Processing: downloads/Serramanna\Progetti\11278\07_IDSAID003_PEXTPRR008R0.pdf
2025-01-06 15:11:29,621 - INFO - Found 6 matches in downloads/Serramanna\Progetti\11278\07_IDSAID003_PEXTPRR008R0.pdf
2025-01-06 15:11:29,621 - INFO - Processing: downloads/Serramanna\Progetti\11278\08_IDSAID003_PEXTPRR009R1.pdf
2025-01-06 15:11:32,840 - INFO - Found 4 matches in downloads/Serramanna\Progetti\11278\08_IDSAID003_PEXTPRR009R1.pdf
2025-01-06 15:11:32,840 - INFO - Processing: downloads/Serramanna\Progetti\11278\09_IDSAID003_PEXTPRR010R2.pdf
2025-01-06 15:11:50,337 - INFO - Found 228 matches in downloads/Serramanna\Progetti\11278\09_IDSAID003_PEXTPRR010R2.pdf
2025-01-06 15:11:50,337 - INFO - Processing: downloads/Serramanna\Progetti\11278\Modulo_lista_controllo_val_prel_SAID003_signed.pdf
2025-01-06 15:11:52,680 - INFO - Found 2 matches in downloads/Serramanna\Progetti\11278\Modulo_lista_controllo_val_prel_SAID003_signed.pdf
2025-01-06 15:11:52,681 - INFO - Processing: downloads/Serramanna\Progetti\1694\01_BORE_GEL_Halliburton.pdf
2025-01-06 15:11:53,006 - INFO - Processing: downloads/Serramanna\Progetti\1694\02_MAX_GEL_Bentonite_M-I.pdf
2025-01-06 15:11:53,193 - INFO - Processing: downloads/Serramanna\Progetti\1694\03_HYDRAUL-EZ_Cetco.pdf
2025-01-06 15:11:53,604 - INFO - Processing: downloads/Serramanna\Progetti\1694\04_TEQGEL_Heads.pdf
2025-01-06 15:11:53,920 - INFO - Processing: downloads/Serramanna\Progetti\1694\05_EPI-BEN_SiriusES.pdf
2025-01-06 15:11:54,423 - INFO - Processing: downloads/Serramanna\Progetti\1694\06_CEBOGEL_OCMA_Cebo.pdf
2025-01-06 15:11:54,432 - INFO - Processing: downloads/Serramanna\Progetti\1694\07_Bentosund120E40S_Laviosa.pdf
2025-01-06 15:11:55,007 - INFO - Processing: downloads/Serramanna\Progetti\1694\1_AT-18E-81613_r1-signed.pdf
2025-01-06 15:12:00,086 - INFO - Processing: downloads/Serramanna\Progetti\1694\1_AT-9E-84813_r1-signed.pdf
2025-01-06 15:12:03,888 - INFO - Processing: downloads/Serramanna\Progetti\1694\2_AT-12E-84824_r1-signed.pdf
2025-01-06 15:12:07,430 - INFO - Processing: downloads/Serramanna\Progetti\1694\2_AT-7E-81622_r1-signed.pdf
2025-01-06 15:12:09,854 - INFO - Processing: downloads/Serramanna\Progetti\1694\3_AT-10E-84820_r1-signed.pdf
2025-01-06 15:12:12,647 - INFO - Processing: downloads/Serramanna\Progetti\1694\4_AT-13D-84821_r1-signed.pdf
2025-01-06 15:12:15,625 - INFO - Processing: downloads/Serramanna\Progetti\1694\5_AT-15E-84822_r1-signed.pdf
2025-01-06 15:12:18,693 - INFO - Processing: downloads/Serramanna\Progetti\1694\6_AT-3E-84811_r1-signed.pdf
2025-01-06 15:12:19,488 - INFO - Processing: downloads/Serramanna\Progetti\1694\8519.pdf
2025-01-06 15:12:19,494 - INFO - Processing: downloads/Serramanna\Progetti\1694\Allegato1_Studi_di_compatibilita_idraulica-signed.pdf
2025-01-06 15:12:36,139 - INFO - Found 65 matches in downloads/Serramanna\Progetti\1694\Allegato1_Studi_di_compatibilita_idraulica-signed.pdf
2025-01-06 15:12:36,140 - INFO - Processing: downloads/Serramanna\Progetti\1694\Allegato_1-signed.pdf
2025-01-06 15:12:38,497 - INFO - Processing: downloads/Serramanna\Progetti\1694\Allegato_2-signed.pdf
2025-01-06 15:12:40,764 - INFO - Processing: downloads/Serramanna\Progetti\1694\Allegato_3_Cronoprogramma-signed.pdf
2025-01-06 15:12:41,866 - INFO - Processing: downloads/Serramanna\Progetti\1694\All_01_REL-VDO-E-020-signed.pdf
2025-01-06 15:12:42,505 - INFO - Processing: downloads/Serramanna\Progetti\1694\Avviso_al_Pubblico3maggio2019.pdf
2025-01-06 15:12:42,509 - INFO - Processing: downloads/Serramanna\Progetti\1694\CA21-01698_007_TECHNIP_ITALY_DIREZIONE_LAVORI_SPA_Report_R0_IT_F-signed.pdf
2025-01-06 15:12:42,671 - INFO - Processing: downloads/Serramanna\Progetti\1694\CA21-01698_008_TECHNIP_ITALY_DIREZIONE_LAVORI_SPA_Report_R0_IT_F-signed.pdf
2025-01-06 15:12:42,830 - INFO - Processing: downloads/Serramanna\Progetti\1694\CA21-01698_009_TECHNIP_ITALY_DIREZIONE_LAVORI_SPA_Report_R0_IT_F-signed.pdf
2025-01-06 15:12:42,970 - INFO - Processing: downloads/Serramanna\Progetti\1694\Cronoprogramma_Lavori-signed.pdf
2025-01-06 15:12:43,967 - INFO - Processing: downloads/Serramanna\Progetti\1694\DF-VEG-E-30167.pdf
2025-01-06 15:12:52,611 - INFO - Processing: downloads/Serramanna\Progetti\1694\DIS-VEG-D-30144-signed.pdf
2025-01-06 15:12:52,660 - INFO - Processing: downloads/Serramanna\Progetti\1694\DIS-VEG-D-30144.pdf
2025-01-06 15:12:52,708 - INFO - Processing: downloads/Serramanna\Progetti\1694\DIS-VEG-D-30145-signed.pdf
2025-01-06 15:12:52,759 - INFO - Processing: downloads/Serramanna\Progetti\1694\DIS-VEG-D-30145.pdf
2025-01-06 15:12:52,806 - INFO - Processing: downloads/Serramanna\Progetti\1694\DIS-VEG-D-30146-signed.pdf
2025-01-06 15:12:52,854 - INFO - Processing: downloads/Serramanna\Progetti\1694\DIS-VEG-D-30146.pdf
2025-01-06 15:12:52,900 - INFO - Processing: downloads/Serramanna\Progetti\1694\DIS-VEG-D-30147-signed.pdf
2025-01-06 15:12:52,952 - INFO - Processing: downloads/Serramanna\Progetti\1694\DIS-VEG-D-30147.pdf
2025-01-06 15:12:52,999 - INFO - Processing: downloads/Serramanna\Progetti\1694\DIS-VEG-D-30152-signed.pdf
2025-01-06 15:12:53,049 - INFO - Processing: downloads/Serramanna\Progetti\1694\DIS-VEG-D-30152.pdf
2025-01-06 15:12:53,093 - INFO - Processing: downloads/Serramanna\Progetti\1694\DIS-VEG-D-30153-signed.pdf
